[debug] [2020-04-16T17:57:47.331Z] ----------------------------------------------------------------------
[debug] [2020-04-16T17:57:47.333Z] Command:       C:\Program Files\nodejs\node.exe C:\Users\Kenang\AppData\Roaming\npm\node_modules\firebase-tools\lib\bin\firebase.js serve
[debug] [2020-04-16T17:57:47.334Z] CLI Version:   8.0.3
[debug] [2020-04-16T17:57:47.334Z] Platform:      win32
[debug] [2020-04-16T17:57:47.334Z] Node Version:  v12.13.0
[debug] [2020-04-16T17:57:47.335Z] Time:          Fri Apr 17 2020 00:57:47 GMT+0700 (Western Indonesia Time)
[debug] [2020-04-16T17:57:47.335Z] ----------------------------------------------------------------------
[debug] [2020-04-16T17:57:47.335Z] 
[debug] [2020-04-16T17:57:47.342Z] > command requires scopes: ["email","openid","https://www.googleapis.com/auth/cloudplatformprojects.readonly","https://www.googleapis.com/auth/firebase","https://www.googleapis.com/auth/cloud-platform"]
[debug] [2020-04-16T17:57:47.342Z] > authorizing via signed-in user
[debug] [2020-04-16T17:57:47.342Z] [iam] checking project unpar-ekantin for permissions ["firebase.projects.get"]
[debug] [2020-04-16T17:57:47.345Z] >>> HTTP REQUEST POST https://cloudresourcemanager.googleapis.com/v1/projects/unpar-ekantin:testIamPermissions  
 {"permissions":["firebase.projects.get"]}
[debug] [2020-04-16T17:57:48.607Z] <<< HTTP RESPONSE 200 {"content-type":"application/json; charset=UTF-8","vary":"X-Origin, Referer, Origin,Accept-Encoding","date":"Thu, 16 Apr 2020 17:57:47 GMT","server":"ESF","cache-control":"private","x-xss-protection":"0","x-frame-options":"SAMEORIGIN","x-content-type-options":"nosniff","server-timing":"gfet4t7; dur=1107","alt-svc":"quic=\":443\"; ma=2592000; v=\"46,43\",h3-Q050=\":443\"; ma=2592000,h3-Q049=\":443\"; ma=2592000,h3-Q048=\":443\"; ma=2592000,h3-Q046=\":443\"; ma=2592000,h3-Q043=\":443\"; ma=2592000,h3-T050=\":443\"; ma=2592000","accept-ranges":"none","transfer-encoding":"chunked"}
[debug] [2020-04-16T17:57:48.608Z] >>> HTTP REQUEST GET https://firebase.googleapis.com/v1beta1/projects/unpar-ekantin  
 
[debug] [2020-04-16T17:57:48.949Z] <<< HTTP RESPONSE 200 {"content-type":"application/json; charset=UTF-8","vary":"X-Origin, Referer, Origin,Accept-Encoding","date":"Thu, 16 Apr 2020 17:57:48 GMT","server":"ESF","cache-control":"private","x-xss-protection":"0","x-frame-options":"SAMEORIGIN","x-content-type-options":"nosniff","alt-svc":"quic=\":443\"; ma=2592000; v=\"46,43\",h3-Q050=\":443\"; ma=2592000,h3-Q049=\":443\"; ma=2592000,h3-Q048=\":443\"; ma=2592000,h3-Q046=\":443\"; ma=2592000,h3-Q043=\":443\"; ma=2592000,h3-T050=\":443\"; ma=2592000","accept-ranges":"none","transfer-encoding":"chunked"}
[info] 
[info] === Serving from 'D:\Todo\e-kantin-unpar\ekantinui'...
[info] 
[debug] [2020-04-16T17:57:48.954Z] >>> HTTP REQUEST GET https://firebase.googleapis.com/v1beta1/projects/unpar-ekantin/webApps/-/config  
 
[debug] [2020-04-16T17:57:49.654Z] <<< HTTP RESPONSE 200 {"content-type":"application/json; charset=UTF-8","vary":"X-Origin, Referer, Origin,Accept-Encoding","date":"Thu, 16 Apr 2020 17:57:49 GMT","server":"ESF","cache-control":"private","x-xss-protection":"0","x-frame-options":"SAMEORIGIN","x-content-type-options":"nosniff","alt-svc":"quic=\":443\"; ma=2592000; v=\"46,43\",h3-Q050=\":443\"; ma=2592000,h3-Q049=\":443\"; ma=2592000,h3-Q048=\":443\"; ma=2592000,h3-Q046=\":443\"; ma=2592000,h3-Q043=\":443\"; ma=2592000,h3-T050=\":443\"; ma=2592000","accept-ranges":"none","transfer-encoding":"chunked"}
[info] i  hosting: Serving hosting files from: build
[info] +  hosting: Local server: http://localhost:5000
